<?xml version="1.0" encoding="UTF-8"?>
<Site BuildName="Win32-MSBuild"
	BuildStamp="20221203-2023-Experimental"
	Name="DESKTOP-HFTSIVJ"
	Generator="ctest-3.24.202208181-MSVC_2"
	CompilerName="C:/Program Files/Microsoft Visual Studio/2022/Community/VC/Tools/MSVC/14.34.31933/bin/Hostx64/x64/cl.exe"
	CompilerVersion="19.34.31935.0"
	OSName="Windows"
	Hostname="DESKTOP-HFTSIVJ"
	OSRelease=" Professional"
	OSVersion=" (Build 22621)"
	OSPlatform="AMD64"
	Is64Bits="1"
	VendorString="AuthenticAMD"
	VendorID="Advanced Micro Devices"
	FamilyID="15"
	ModelID="0"
	ProcessorCacheSize="64"
	NumberOfLogicalCPU="16"
	NumberOfPhysicalCPU="8"
	TotalVirtualMemory="18719"
	TotalPhysicalMemory="15775"
	LogicalProcessorsPerPhysical="2"
	ProcessorClockFrequency="3293"
	>
	<Testing>
		<StartDateTime>Dec 03 12:23 Pacific Standard Time</StartDateTime>
		<StartTestTime>1670098992</StartTestTime>
		<TestList/>
		<EndDateTime>Dec 03 12:23 Pacific Standard Time</EndDateTime>
		<EndTestTime>1670098992</EndTestTime>
		<ElapsedMinutes>0</ElapsedMinutes>
	</Testing>
</Site>
